0 info it worked if it ends with ok
1 verbose cli [ '/usr/local/bin/node', '/usr/local/bin/npm', 'install' ]
2 info using npm@1.2.25
3 info using node@v0.10.10
4 verbose read json /home/developer/workspace/noiys/package.json
5 warn package.json noize@0.0.1 No repository field.
6 warn package.json noize@0.0.1 No readme data.
7 verbose readDependencies using package.json deps
8 verbose install where, deps [ '/home/developer/workspace/noiys',
8 verbose install   [ 'express',
8 verbose install     'ejs',
8 verbose install     'mongojs',
8 verbose install     'underscore',
8 verbose install     'zombie',
8 verbose install     'mocha',
8 verbose install     'chai',
8 verbose install     'jshint',
8 verbose install     'request',
8 verbose install     'get',
8 verbose install     'http' ] ]
9 verbose from cache /home/developer/workspace/noiys/package.json
10 info preinstall noize@0.0.1
11 verbose read json /home/developer/workspace/noiys/node_modules/chai/package.json
12 verbose read json /home/developer/workspace/noiys/node_modules/ejs/package.json
13 verbose read json /home/developer/workspace/noiys/node_modules/express/package.json
14 verbose read json /home/developer/workspace/noiys/node_modules/get/package.json
15 verbose read json /home/developer/workspace/noiys/node_modules/jshint/package.json
16 verbose read json /home/developer/workspace/noiys/node_modules/mocha/package.json
17 verbose read json /home/developer/workspace/noiys/node_modules/mongojs/package.json
18 verbose read json /home/developer/workspace/noiys/node_modules/request/package.json
19 verbose read json /home/developer/workspace/noiys/node_modules/underscore/package.json
20 verbose read json /home/developer/workspace/noiys/node_modules/zombie/package.json
21 verbose from cache /home/developer/workspace/noiys/package.json
22 verbose readDependencies using package.json deps
23 verbose from cache /home/developer/workspace/noiys/node_modules/chai/package.json
24 verbose from cache /home/developer/workspace/noiys/node_modules/ejs/package.json
25 verbose from cache /home/developer/workspace/noiys/node_modules/express/package.json
26 verbose from cache /home/developer/workspace/noiys/node_modules/get/package.json
27 verbose from cache /home/developer/workspace/noiys/node_modules/jshint/package.json
28 verbose from cache /home/developer/workspace/noiys/node_modules/mocha/package.json
29 verbose from cache /home/developer/workspace/noiys/node_modules/mongojs/package.json
30 verbose from cache /home/developer/workspace/noiys/node_modules/request/package.json
31 verbose from cache /home/developer/workspace/noiys/node_modules/underscore/package.json
32 verbose from cache /home/developer/workspace/noiys/node_modules/zombie/package.json
33 verbose already installed skipping ejs@* /home/developer/workspace/noiys
34 verbose already installed skipping mongojs@* /home/developer/workspace/noiys
35 verbose already installed skipping underscore@* /home/developer/workspace/noiys
36 verbose already installed skipping zombie@* /home/developer/workspace/noiys
37 verbose already installed skipping mocha@* /home/developer/workspace/noiys
38 verbose already installed skipping chai@* /home/developer/workspace/noiys
39 verbose already installed skipping jshint@* /home/developer/workspace/noiys
40 verbose already installed skipping request@* /home/developer/workspace/noiys
41 verbose already installed skipping get@* /home/developer/workspace/noiys
42 verbose cache add [ 'http@*', null ]
43 verbose cache add name=undefined spec="http@*" args=["http@*",null]
44 verbose parsed url { protocol: null,
44 verbose parsed url   slashes: null,
44 verbose parsed url   auth: null,
44 verbose parsed url   host: null,
44 verbose parsed url   port: null,
44 verbose parsed url   hostname: null,
44 verbose parsed url   hash: null,
44 verbose parsed url   search: null,
44 verbose parsed url   query: null,
44 verbose parsed url   pathname: 'http@*',
44 verbose parsed url   path: 'http@*',
44 verbose parsed url   href: 'http@*' }
45 verbose cache add name="http" spec="*" args=["http","*"]
46 verbose parsed url { protocol: null,
46 verbose parsed url   slashes: null,
46 verbose parsed url   auth: null,
46 verbose parsed url   host: null,
46 verbose parsed url   port: null,
46 verbose parsed url   hostname: null,
46 verbose parsed url   hash: null,
46 verbose parsed url   search: null,
46 verbose parsed url   query: null,
46 verbose parsed url   pathname: '*',
46 verbose parsed url   path: '*',
46 verbose parsed url   href: '*' }
47 verbose addNamed [ 'http', '*' ]
48 verbose addNamed [ null, '' ]
49 verbose already installed skipping express@3.1.x /home/developer/workspace/noiys
50 silly lockFile 67b29158-http http@*
51 verbose lock http@* /home/developer/.npm/67b29158-http.lock
52 silly addNameRange { name: 'http', range: '', hasData: false }
53 verbose url raw http
54 verbose url resolving [ 'https://registry.npmjs.org/', './http' ]
55 verbose url resolved https://registry.npmjs.org/http
56 info trying registry request attempt 1 at 10:07:18
57 http GET https://registry.npmjs.org/http
58 http 404 https://registry.npmjs.org/http
59 silly registry.get cb [ 404,
59 silly registry.get   { date: 'Mon, 30 Dec 2013 10:07:18 GMT',
59 silly registry.get     server: 'CouchDB/1.5.0 (Erlang OTP/R15B03)',
59 silly registry.get     'content-type': 'application/json',
59 silly registry.get     'cache-control': 'max-age=0',
59 silly registry.get     'content-length': '52',
59 silly registry.get     'accept-ranges': 'bytes',
59 silly registry.get     via: '1.1 varnish',
59 silly registry.get     age: '0',
59 silly registry.get     'x-served-by': 'cache-lcy1128-LCY',
59 silly registry.get     'x-cache': 'MISS',
59 silly registry.get     'x-cache-hits': '0',
59 silly registry.get     'x-timer': 'S1388398038.663181543,VS0,VE124',
59 silly registry.get     'keep-alive': 'timeout=10, max=50',
59 silly registry.get     connection: 'Keep-Alive' } ]
60 silly lockFile 67b29158-http http@*
61 silly lockFile 67b29158-http http@*
62 error 404 'http' is not in the npm registry.
62 error 404 You should bug the author to publish it
62 error 404
62 error 404 Note that you can also install from a
62 error 404 tarball, folder, or http url, or git url.
63 error System Linux 3.11.0-12-generic
64 error command "/usr/local/bin/node" "/usr/local/bin/npm" "install"
65 error cwd /home/developer/workspace/noiys
66 error node -v v0.10.10
67 error npm -v 1.2.25
68 error code E404
69 verbose exit [ 1, true ]
